[goodjewerly.com/f54b805.html]
[backblue.gif]
[fade.gif]
[index.html]
[use.fontawesome.com/releases/v5.3.1/css/all.css]
[d13pxqgp3ixdbh.cloudfront.net/uploads/156078702995ebafba766df224c66bbd9fe770c017.png]
[d13pxqgp3ixdbh.cloudfront.net/uploads/153637310664fdfdd26d79ae492e8ecc43d938fce7.png]
[d13pxqgp3ixdbh.cloudfront.net/uploads/15632985689e62ecb8c418245324461d9882321c18.png]
[d13pxqgp3ixdbh.cloudfront.net/uploads/1563298567639639aebb222c39d2e4d0689b06d88e.png]
[d13pxqgp3ixdbh.cloudfront.net/uploads/1563298568a7769d5a22b373684d13b726fe3c4e65.png]
[d13pxqgp3ixdbh.cloudfront.net/uploads/1563298581663f76f3919c5c4f756d27b43b2d1ced.png]
[d13pxqgp3ixdbh.cloudfront.net/uploads/1563298569bc30d98b5d09f10340f8c291267e4b82.png]
[d13pxqgp3ixdbh.cloudfront.net/uploads/15632985676eaec212438532005397fb7e3e1574b5.png]
[d13pxqgp3ixdbh.cloudfront.net/uploads/15632985661506560019e5ebafa191ef1bd66e46c0.png]
[d13pxqgp3ixdbh.cloudfront.net/uploads/15632985655d91c2e7c56d452ead66bc0e5dcd875c.png]
[d13pxqgp3ixdbh.cloudfront.net/uploads/156329857340d6d231d29dfe3964a7ce6520fa8648.png]
[d13pxqgp3ixdbh.cloudfront.net/uploads/1560957525cdd5eaf581691c31623bb5fdd73cd641.png]
[d13nu0oomnx5ti.cloudfront.net/H0an5a.js]
[www.google-analytics.com/analytics.js]
[goodjewerly.com/f54b805.html]
[use.fontawesome.com/releases/v5.3.1/css/all.css]
[d13pxqgp3ixdbh.cloudfront.net/uploads/assets/1563298961d7e11a0c316ea6a189a4b4e2bd1ad627.css]
[d13pxqgp3ixdbh.cloudfront.net/uploads/assets/15632989585b40da5bd6314d160701458ac2c4a7d1.css]
[d13pxqgp3ixdbh.cloudfront.net/uploads/assets/156329895711cae4998a41b5da23ba029e87c09799.css]
[d13pxqgp3ixdbh.cloudfront.net/uploads/assets/1563194463bc66e25d79d63b124e302cf030d5249a.js]
[goodjewerly.com/popper.17.delayed]
[d13pxqgp3ixdbh.cloudfront.net/uploads/assets/15632989888acd44f9e760343e2b1df628436f5d5c.js]
[d13pxqgp3ixdbh.cloudfront.net/uploads/assets/156329898910ee51f16ae14fd343eadd66715a174a.js]
[d13pxqgp3ixdbh.cloudfront.net/uploads/assets/15631943349d83cf34d15b5929728eb18de71c637a.js]
[goodjewerly.com/popper.html]
